QuestaSim-64 qrun 2021.1 Utility 2021.01 Jan 19 2021
Start time: 12:34:58 on Nov 03,2022
qrun -c sequenceFSM_tb.sv 
QuestaSim-64 vlog 2021.1 Compiler 2021.01 Jan 19 2021
Start time: 12:34:58 on Nov 03,2022
vlog sequenceFSM_tb.sv -work qrun.out/work -csession=incr -writesessionid "+qrun.out/top_dus" -statslog qrun.out/stats_log 
-- Compiling module sequenceFSM
** Warning: sequenceFSM_tb.sv(1): (vlog-2283) Extra semicolon in $unit (global) scope.
** Warning: sequenceFSM_tb.sv(47): (vlog-2284) Empty $unit scope found.
-- Compiling package sequenceFSM_tb_sv_unit
-- Compiling module sequenceFSM_tb

Top level modules:
	sequenceFSM_tb
End time: 12:34:58 on Nov 03,2022, Elapsed time: 0:00:00
Errors: 0, Warnings: 2
QuestaSim-64 vopt 2021.1 Compiler 2021.01 Jan 19 2021
Start time: 12:34:58 on Nov 03,2022
vopt -findtoplevels c:/questasim64_2021.1/projects/sequence/qrun.out/work+0+ -work qrun.out/work -statslog qrun.out/stats_log -o qrun_opt_1 

Top level modules:
	sequenceFSM_tb

Analyzing design...
-- Loading module sequenceFSM_tb
-- Loading module sequenceFSM
Optimizing 3 design-units (inlining 1/2 module instances):
-- Optimizing package sequenceFSM_tb_sv_unit(fast)
-- Inlining module sequenceFSM(fast)
-- Optimizing module sequenceFSM_tb(fast)
Optimized design name is qrun_opt_1
End time: 12:34:59 on Nov 03,2022, Elapsed time: 0:00:01
Errors: 0, Warnings: 0
# vsim -c -lib qrun.out/work -do "run -all; quit -f" -statslog qrun.out/stats_log qrun_opt_1 -appendlog -l qrun.log 
# Start time: 12:35:08 on Nov 03,2022
# //  Questa Sim-64
# //  Version 2021.1 win64 Jan 19 2021
# //
# //  Copyright 1991-2021 Mentor Graphics Corporation
# //  All Rights Reserved.
# //
# //  QuestaSim and its associated documentation contain trade
# //  secrets and commercial or financial information that are the property of
# //  Mentor Graphics Corporation and are privileged, confidential,
# //  and exempt from disclosure under the Freedom of Information Act,
# //  5 U.S.C. Section 552. Furthermore, this information
# //  is prohibited from disclosure under the Trade Secrets Act,
# //  18 U.S.C. Section 1905.
# //
# Loading sv_std.std
# Loading work.sequenceFSM_tb_sv_unit(fast)
# Loading work.sequenceFSM_tb(fast)
# run -all
# ** Error: 0 not a match with 1
#    Time: 76 ns Started: 68 ns  Scope: sequenceFSM_tb.expected_detected_assert File: sequenceFSM_tb.sv Line: 37
# 1 match with 1
# 1 match with 1
# ** Note: $stop    : sequenceFSM_tb.sv(43)
#    Time: 140 ns  Iteration: 1  Instance: /sequenceFSM_tb
# Break at sequenceFSM_tb.sv line 43
# Stopped at sequenceFSM_tb.sv line 43
#  quit -f
# End time: 12:35:20 on Nov 03,2022, Elapsed time: 0:00:12
# Errors: 1, Warnings: 0
# *** Summary *********************************************
#     qrun: Errors:   0, Warnings:   0
#     vlog: Errors:   0, Warnings:   2
#     vopt: Errors:   0, Warnings:   0
#     vsim: Errors:   1, Warnings:   0
#   Totals: Errors:   1, Warnings:   2
